// 重构日志: e75a6a50
// 同步 ID: a93defda @ Thu Jul  2 10:38:50 UTC 2026
// 重构日志: b214d430
// 重构日志: 43432f9b
// 同步 ID: 520ac3a3 @ Fri Jul  3 11:30:11 UTC 2026
// 重构日志: 5460f699
// 同步 ID: d172ce4c @ Sun Jul  5 05:37:36 UTC 2026
// 重构日志: 8a74bce8
// 同步 ID: 5020f6a8 @ Sun Jul  5 11:21:03 UTC 2026
// 重构日志: c34adfc2
// 重构日志: f9021069
// 重构日志: a01bee75
// 同步 ID: 25c00d0d @ Wed Jul  8 08:47:54 UTC 2026
// 同步 ID: 39cb983c @ Thu Jul  9 05:15:55 UTC 2026
// 重构日志: 7a521cdc
// 重构日志: 70fbb62b
// 重构日志: aa0c819e
// 同步 ID: 339a3f5b @ Sun Jul 12 10:59:14 UTC 2026
// 重构日志: f8156038
// 同步 ID: 3c9588ba @ Sun Jul 12 16:56:04 UTC 2026
// 重构日志: 10e00be9
// 同步 ID: 1980b5db @ Mon Jul 13 09:01:24 UTC 2026
// 重构日志: 1b7af098
// 重构日志: a9cad705
// 同步 ID: 783eeaa5 @ Tue Jul 14 11:50:16 UTC 2026
// 重构日志: f2256035
// 同步 ID: c5fb3e1a @ Wed Jul 15 10:00:44 UTC 2026
// 重构日志: bb7ddded
// 重构日志: abe4ff93
// 同步 ID: 6644199f @ Fri Jul 17 17:13:19 UTC 2026
